
ROM used:   1090/8192 (13%)
            1090/8192 (13%) including unused fragments

            0.8 Average locations per line
            5.9 Average locations per statement

RAM used:   13/368 (4%) at main() level
            29/368 (8%) worst case

Stack used: 0 worst case (0 in main + 0 for interrupts)
Stack size: 8

Lines Stmts  %   Files
----- ----- ---  -----
   60    32  17  main.c
  629     0   0  D:\Program Files (x86)\PICC\Devices\16f877.h
  456   100  54  D:\Program Files (x86)\PICC\Drivers\lcd.c
  143    53  29  D:\Program Files (x86)\PICC\Drivers\DS1302.c
----- -----
 1288   185 Total

Page ROM  %  RAM   Vol Diff  Functions:
---- --- --- ---   --- ----  ----------
0     21   2    1             @delay_ms1
0      8   1    0             @const619
 Inline         3   760  4.5  lcd_read_byte
0     49   4    2   262  3.7  lcd_read_nibble
0     43   4    1   399  2.4  lcd_send_nibble
0     92   8    3   415  3.7  lcd_send_byte
0     61   6    2   704  5.0  lcd_init
0     18   2    4   208  6.3  lcd_gotoxy
0     44   4    1   354  4.7  lcd_putc
0     24   2    2   199  4.3  write_ds1302_byte
0     15   1    2    94  1.8  write_ds1302
0     44   4    3   401  4.9  read_ds1302
0     34   3    2   247  3.7  rtc_init
0     23   2    4   160  5.0  get_bcd
0     21   2    3  1716  4.4  @DIV88
0     37   3    2             @MUL88
0     27   2    4   160  4.2  rm_bcd
0     72   7    7   402  2.2  rtc_set_datetime
 Inline         5   238  3.1  rtc_get_date
 Inline         4   170  3.0  rtc_get_time
0    258  24    1  1243  4.4  MAIN
0     87   8    6             @PRINTF_D0_638
0     11   1    0             @goto10806
0     11   1    0             @const718
0     86   8    5             @PSTRINGCN7_638
 Inline         0             @cinit1

Program metrics:
    Functions               18
    Statements              185
    Comments                274
    Volume (V)              13615
    Difficulty (D)          70.2
    Effort to implement (E) 955780
    Time to implement (T)   14 hours, 45 minutes
    Est Delivered Bugs (B)  3
    Cyclomatic Complexity   26
    Maintainability (MI)    87

 Segment     Used  Free
-----------  ----  ----
00000-00003     4  0  
00004-007FF  1086  958  
00800-00FFF     0  2048  
01000-017FF     0  2048  
01800-01FFF     0  2048  



